"D:/Documents/Unreal Projects/SpaceFuseJam/SpaceFuseJam/Content/will.uasset" 0
"D:/Documents/Unreal Projects/SpaceFuseJam/SpaceFuseJam/Content/Art/lambert1.uasset" 1
"D:/Documents/Unreal Projects/SpaceFuseJam/SpaceFuseJam/Content/Blueprints/Enum/ENUM_CreatureStates.uasset" 2
"../../../Engine/Content/EditorBlueprintResources/StandardMacros.uasset" 3
"D:/Documents/Unreal Projects/SpaceFuseJam/SpaceFuseJam/Content/Blueprints/Enum/ENUM_BiomeName.uasset" 4
"D:/Documents/Unreal Projects/SpaceFuseJam/SpaceFuseJam/Content/Blueprints/Enum/ENUM_NameOfCrew.uasset" 5
"D:/Documents/Unreal Projects/SpaceFuseJam/SpaceFuseJam/Content/DataTable/S_TextStruct.uasset" 6
"D:/Documents/Unreal Projects/SpaceFuseJam/SpaceFuseJam/Content/UI/Font/asap-condensed_medium.uasset" 7
"D:/Documents/Unreal Projects/SpaceFuseJam/SpaceFuseJam/Content/UI/Font/asap-condensed_medium_Font.uasset" 8
"D:/Documents/Unreal Projects/SpaceFuseJam/SpaceFuseJam/Content/UI/Font/bulletproof_bb.uasset" 9
"D:/Documents/Unreal Projects/SpaceFuseJam/SpaceFuseJam/Content/UI/Font/bulletproof_bb_Font.uasset" 10
"D:/Documents/Unreal Projects/SpaceFuseJam/SpaceFuseJam/Content/UI/text_box_field_1__1_.uasset" 11
"D:/Documents/Unreal Projects/SpaceFuseJam/SpaceFuseJam/Content/Blueprints/Widgets/Text/WBP_TextBox.uasset" 12
"D:/Documents/Unreal Projects/SpaceFuseJam/SpaceFuseJam/Content/Blueprints/Directors/BP_Dialogue_Director.uasset" 13
"D:/Documents/Unreal Projects/SpaceFuseJam/SpaceFuseJam/Content/Blueprints/Widgets/WBP_HUD.uasset" 14
"D:/Documents/Unreal Projects/SpaceFuseJam/SpaceFuseJam/Content/Blueprints/Directors/BP_HUD_Director.uasset" 15
"D:/Documents/Unreal Projects/SpaceFuseJam/SpaceFuseJam/Content/Material/M_TEMP_Crew.uasset" 16
"../../../Engine/Content/Functions/Engine_MaterialFunctions01/Opacity/CameraDepthFade.uasset" 17
"../../../Engine/Content/EngineMaterials/T_Default_Material_Grid_M.uasset" 18
"../../../Engine/Content/EngineMaterials/T_Default_Material_Grid_N.uasset" 19
"../../../Engine/Content/EngineMaterials/WorldGridMaterial.uasset" 20
"../../../Engine/Content/BasicShapes/Cube.uasset" 21
"D:/Documents/Unreal Projects/SpaceFuseJam/SpaceFuseJam/Content/Blueprints/Planet/BP_Markers.uasset" 22
"D:/Documents/Unreal Projects/SpaceFuseJam/SpaceFuseJam/Content/Material/M_TEMP_House.uasset" 23
"D:/Documents/Unreal Projects/SpaceFuseJam/SpaceFuseJam/Content/Art/T_Sheet01.uasset" 24
"D:/Documents/Unreal Projects/SpaceFuseJam/SpaceFuseJam/Content/Art/M_Sheet01.uasset" 25
"D:/Documents/Unreal Projects/SpaceFuseJam/SpaceFuseJam/Content/Art/Mesh_Clouds.uasset" 26
"D:/Documents/Unreal Projects/SpaceFuseJam/SpaceFuseJam/Content/Art/M_Hemisphere.uasset" 27
"D:/Documents/Unreal Projects/SpaceFuseJam/SpaceFuseJam/Content/Art/Mesh_Hemisphere.uasset" 28
"D:/Documents/Unreal Projects/SpaceFuseJam/SpaceFuseJam/Content/Art/Mesh_Planet.uasset" 29
"D:/Documents/Unreal Projects/SpaceFuseJam/SpaceFuseJam/Content/Blueprints/Planet/BP_Planet.uasset" 30
"D:/Documents/Unreal Projects/SpaceFuseJam/SpaceFuseJam/Content/DataTable/AGRARIAN_ZONE_DIALOGUE_-_Sheet1_1_.uasset" 31
"D:/Documents/Unreal Projects/SpaceFuseJam/SpaceFuseJam/Content/DataTable/Test_First_Scene.uasset" 32
"D:/Documents/Unreal Projects/SpaceFuseJam/SpaceFuseJam/Content/Blueprints/PlayerController/BP_PlayerController.uasset" 33
"D:/Documents/Unreal Projects/SpaceFuseJam/SpaceFuseJam/Content/Art/Mesh_Pilot.uasset" 34
"D:/Documents/Unreal Projects/SpaceFuseJam/SpaceFuseJam/Content/Art/Mesh_Scientist.uasset" 35
"D:/Documents/Unreal Projects/SpaceFuseJam/SpaceFuseJam/Content/Blueprints/Crew/BP_CrewMaster.uasset" 36
"D:/Documents/Unreal Projects/SpaceFuseJam/SpaceFuseJam/Content/Art/Mesh_Ship.uasset" 37
"D:/Documents/Unreal Projects/SpaceFuseJam/SpaceFuseJam/Content/Blueprints/PlayerCamera/BP_CameraCharacter.uasset" 38
"D:/Documents/Unreal Projects/SpaceFuseJam/SpaceFuseJam/Content/Blueprints/GameMode/BP_GameMode.uasset" 39
"D:/Documents/Unreal Projects/SpaceFuseJam/SpaceFuseJam/Content/DataTable/Text_System_-_Sheet1.uasset" 40
"../../../Engine/Content/BasicShapes/BasicShapeMaterial.uasset" 41
"D:/Documents/Unreal Projects/SpaceFuseJam/SpaceFuseJam/Content/Meshes/SM_TEMP_CrewMember.uasset" 42
"D:/Documents/Unreal Projects/SpaceFuseJam/SpaceFuseJam/Content/UI/text_box_field_1.uasset" 43
"D:/Documents/Unreal Projects/SpaceFuseJam/SpaceFuseJam/Content/UI/Button/Menu_Button_Neutral.uasset" 44
"D:/Documents/Unreal Projects/SpaceFuseJam/SpaceFuseJam/Content/UI/Button/Menu_Button_Selected.uasset" 45
"D:/Documents/Unreal Projects/SpaceFuseJam/SpaceFuseJam/Content/UI/Button/Menu_Button_Selected_2.uasset" 46
"../../../Engine/Content/Animation/DefaultAnimCurveCompressionSettings.uasset" 47
"../../../Engine/Content/ArtTools/RenderToTexture/Meshes/S_1_Unit_Plane.uasset" 48
"../../../Engine/Content/EngineMaterials/DefaultMaterial.uasset" 49
"../../../Engine/Content/BasicShapes/Cone.uasset" 50
"../../../Engine/Content/BasicShapes/Cylinder.uasset" 51
"../../../Engine/Content/EditorLandscapeResources/DataLayer.uasset" 52
"../../../Engine/Content/EditorMaterials/GizmoMaterial.uasset" 53
"../../../Engine/Content/EditorMaterials/MAT_Groups_Toggle.uasset" 54
"../../../Engine/Content/EditorMaterials/MAT_Groups_Visibility.uasset" 55
"../../../Engine/Content/EditorMaterials/PreviewShadowIndicator.uasset" 56
"../../../Engine/Content/EditorMaterials/PreviewShadowIndicatorMaterial.uasset" 57
"../../../Engine/Content/EditorMaterials/MatineeGroups/MAT_ColorTrack.uasset" 58
"../../../Engine/Content/EditorMaterials/MatineeGroups/MAT_Groups_Anim.uasset" 59
"../../../Engine/Content/EditorMaterials/MatineeGroups/MAT_Groups_AudioMaster.uasset" 60
"../../../Engine/Content/EditorMaterials/MatineeGroups/MAT_Groups_Director.uasset" 61
"../../../Engine/Content/EditorMaterials/MatineeGroups/MAT_Groups_Event.uasset" 62
"../../../Engine/Content/EditorMaterials/MatineeGroups/MAT_Groups_Fade.uasset" 63
"../../../Engine/Content/EditorMaterials/MatineeGroups/MAT_Groups_Float.uasset" 64
"../../../Engine/Content/EditorMaterials/MatineeGroups/MAT_Groups_Move.uasset" 65
"../../../Engine/Content/EditorMaterials/MatineeGroups/MAT_Groups_Slomo.uasset" 66
"../../../Engine/Content/EditorMaterials/MatineeGroups/MAT_Groups_Sound.uasset" 67
"../../../Engine/Content/EditorMaterials/MatineeGroups/MAT_Groups_Vector.uasset" 68
"../../../Engine/Content/EditorMaterials/ParticleSystems/PSysThumbnail_NoImage.uasset" 69
"../../../Engine/Content/EditorMaterials/ParticleSystems/PSysThumbnail_OOD.uasset" 70
"../../../Engine/Content/EditorMaterials/Camera/CineMat.uasset" 71
"../../../Engine/Content/EditorMaterials/Camera/MI_CineMat_Rig.uasset" 72
"../../../Engine/Content/EditorMeshes/Camera/SM_CraneRig_Arm.uasset" 73
"../../../Engine/Content/EditorMeshes/Camera/SM_CraneRig_Base.uasset" 74
"../../../Engine/Content/EditorMeshes/Camera/SM_CraneRig_Body.uasset" 75
"../../../Engine/Content/EditorMeshes/Camera/SM_CraneRig_Mount.uasset" 76
"../../../Engine/Content/EditorMeshes/Camera/SM_RailRig_Mount.uasset" 77
"../../../Engine/Content/EditorMeshes/Camera/SM_RailRig_Track.uasset" 78
"../../../Engine/Content/EditorResources/BSPVertex.uasset" 79
"../../../Engine/Content/EditorResources/EmptyActor.uasset" 80
"../../../Engine/Content/EditorResources/S_Actor.uasset" 81
"../../../Engine/Content/EditorResources/S_Note.uasset" 82
"../../../Engine/Content/EditorResources/S_Trigger.uasset" 83
"../../../Engine/Content/EditorResources/LightIcons/S_LightError.uasset" 84
"../../../Engine/Content/EditorResources/SequenceRecorder/Countdown.uasset" 85
"../../../Engine/Content/EditorResources/SequenceRecorder/RecordingIndicator.uasset" 86
"../../../Engine/Content/EditorSounds/Notifications/CompileFailed.uasset" 87
"../../../Engine/Content/EditorSounds/Notifications/CompileFailed_Cue.uasset" 88
"../../../Engine/Content/EditorSounds/Notifications/CompileSuccess.uasset" 89
"../../../Engine/Content/EditorSounds/Notifications/CompileStart_Cue.uasset" 90
"../../../Engine/Content/EditorSounds/Notifications/CompileSuccess_Cue.uasset" 91
"../../../Engine/Content/EngineDamageTypes/DmgTypeBP_Environmental.uasset" 92
"../../../Engine/Content/EngineDebugMaterials/HeatmapGradient.uasset" 93
"../../../Engine/Content/EngineDebugMaterials/BoneWeightMaterial.uasset" 94
"../../../Engine/Content/EngineDebugMaterials/ClothMaterial.uasset" 95
"../../../Engine/Content/EngineDebugMaterials/ClothMaterial_WF.uasset" 96
"../../../Engine/Content/EngineDebugMaterials/DebugEditorMaterial.uasset" 97
"../../../Engine/Content/EngineDebugMaterials/DebugMeshMaterial.uasset" 98
"../../../Engine/Content/EngineDebugMaterials/GeomMaterial.uasset" 99
"../../../Engine/Content/EngineDebugMaterials/M_SimpleTranslucent.uasset" 100
"../../../Engine/Content/EngineFonts/Faces/RobotoBold.uasset" 101
"../../../Engine/Content/EngineFonts/Faces/RobotoBoldItalic.uasset" 102
"../../../Engine/Content/EngineFonts/Faces/RobotoItalic.uasset" 103
"../../../Engine/Content/EngineFonts/Faces/RobotoLight.uasset" 104
"../../../Engine/Content/EngineFonts/Faces/RobotoRegular.uasset" 105
"../../../Engine/Content/EngineFonts/Roboto.uasset" 106
"../../../Engine/Content/EngineFonts/Faces/RobotoTiny.uasset" 107
"../../../Engine/Content/EngineFonts/RobotoTiny.uasset" 108
"../../../Engine/Content/EngineMaterials/BaseFlattenDiffuseMap.uasset" 109
"../../../Engine/Content/EngineMaterials/BaseFlattenEmissiveMap.uasset" 110
"../../../Engine/Content/EngineMaterials/BaseFlattenGrayscaleMap.uasset" 111
"../../../Engine/Content/EngineMaterials/BaseFlattenNormalMap.uasset" 112
"../../../Engine/Content/EngineMaterials/BaseFlattenMaterial.uasset" 113
"../../../Engine/Content/EngineMaterials/DefaultBloomKernel.uasset" 114
"../../../Engine/Content/EngineMaterials/DefaultBokeh.uasset" 115
"../../../Engine/Content/EngineMaterials/DefaultDiffuse.uasset" 116
"../../../Engine/Content/EngineMaterials/DefaultDeferredDecalMaterial.uasset" 117
"../../../Engine/Content/EngineMaterials/DefaultLightFunctionMaterial.uasset" 118
"../../../Engine/Content/EngineMaterials/DefaultPhysicalMaterial.uasset" 119
"../../../Engine/Content/Functions/Engine_MaterialFunctions02/Utility/BreakOutFloat2Components.uasset" 120
"../../../Engine/Content/EngineMaterials/DefaultPostProcessMaterial.uasset" 121
"../../../Engine/Content/EngineFonts/RobotoDistanceField.uasset" 122
"../../../Engine/Content/EngineMaterials/DefaultTextMaterialOpaque.uasset" 123
"../../../Engine/Content/EngineMaterials/DefaultWhiteGrid.uasset" 124
"../../../Engine/Content/EngineMaterials/EditorBrushMaterial.uasset" 125
"../../../Engine/Content/EngineMaterials/Good64x64TilingNoiseHighFreq.uasset" 126
"../../../Engine/Content/EngineMaterials/MiniFont.uasset" 127
"../../../Engine/Content/EngineMaterials/InvalidLightmapSettings.uasset" 128
"../../../Engine/Content/EngineMaterials/M_InvalidLightmapSettings.uasset" 129
"../../../Engine/Content/Functions/Engine_MaterialFunctions02/WorldPositionOffset/CameraOffset.uasset" 130
"../../../Engine/Content/EngineMaterials/PhAT_JointLimitMaterial.uasset" 131
"../../../Engine/Content/EngineMaterials/PreintegratedSkinBRDF.uasset" 132
"../../../Engine/Content/EngineMaterials/RemoveSurfaceMaterial.uasset" 133
"../../../Engine/Content/EngineMaterials/WeightMapPlaceholderTexture.uasset" 134
"../../../Engine/Content/EngineResources/WhiteSquareTexture.uasset" 135
"../../../Engine/Content/EngineMaterials/Widget3DPassThrough.uasset" 136
"../../../Engine/Content/EngineMaterials/Widget3DPassThrough_Masked.uasset" 137
"../../../Engine/Content/EngineMaterials/Widget3DPassThrough_Opaque.uasset" 138
"../../../Engine/Content/EngineMaterials/Widget3DPassThrough_Masked_OneSided.uasset" 139
"../../../Engine/Content/EngineMaterials/Widget3DPassThrough_Opaque_OneSided.uasset" 140
"../../../Engine/Content/EngineMaterials/Widget3DPassThrough_Translucent.uasset" 141
"../../../Engine/Content/EngineMaterials/Widget3DPassThrough_Translucent_OneSided.uasset" 142
"../../../Engine/Content/EngineMeshes/Cylinder.uasset" 143
"../../../Engine/Content/EngineMeshes/Sphere.uasset" 144
"../../../Engine/Content/EngineResources/Black.uasset" 145
"../../../Engine/Content/EngineResources/DefaultTexture.uasset" 146
"../../../Engine/Content/EngineResources/DefaultTextureCube.uasset" 147
"../../../Engine/Content/EngineResources/DefaultVolumeTexture2D.uasset" 148
"../../../Engine/Content/EngineResources/DefaultVolumeTexture.uasset" 149
"../../../Engine/Content/EngineResources/GradientTexture0.uasset" 150
"../../../Engine/Content/EngineSounds/Master.uasset" 151
"../../../Engine/Content/Functions/Engine_MaterialFunctions01/Shading/ConvertFromDiffSpec.uasset" 152
"../../../Engine/Content/Functions/Engine_MaterialFunctions01/Shading/PowerToRoughness.uasset" 153
"../../../Engine/Content/Maps/Templates/Thumbnails/Default.uasset" 154
"../../../Engine/Content/Maps/Templates/Thumbnails/VR-Basic.uasset" 155
"../../../Engine/Content/MobileResources/T_MobileControls_texture.uasset" 156
"../../../Engine/Content/MobileResources/T_MobileMenu2.uasset" 157
"../../../Engine/Content/MobileResources/HUD/AnalogHat.uasset" 158
"../../../Engine/Content/MobileResources/HUD/VirtualJoystick_Background.uasset" 159
"../../../Engine/Content/MobileResources/HUD/VirtualJoystick_Thumb.uasset" 160
"../../../Engine/Content/MobileResources/HUD/DefaultVirtualJoysticks.uasset" 161
"../../../Engine/Content/MobileResources/HUD/LeftVirtualJoystickOnly.uasset" 162
"../../../Engine/Content/MobileResources/HUD/MobileHUDButton1_off.uasset" 163
"../../../Engine/Content/MobileResources/HUD/MobileHUDButton1_on.uasset" 164
"../../../Engine/Content/MobileResources/HUD/MobileHUDButton2_off.uasset" 165
"../../../Engine/Content/MobileResources/HUD/MobileHUDButton2_on.uasset" 166
"../../../Engine/Content/MobileResources/HUD/MobileHUDButton3.uasset" 167
"../../../Engine/Content/MobileResources/HUD/MobileHUDButtonFire.uasset" 168
"../../../Engine/Content/MobileResources/HUD/MobileHUDDirectionPad.uasset" 169
"../../../Engine/Content/MobileResources/HUD/MobileHUDDirectionPad2.uasset" 170
"../../../Engine/Content/MobileResources/HUD/MobileHUDDirectionPad3.uasset" 171
"../../../Engine/Content/MobileResources/HUD/MobileHUDDirectionStick.uasset" 172
"../../../Engine/Content/MobileResources/HUD/T_Castle_ThumbstickInner.uasset" 173
"../../../Engine/Content/MobileResources/HUD/T_Castle_ThumbstickOutter.uasset" 174
"../../../Engine/Content/Tutorial/ContentIntroCurve.uasset" 175
"../../../Engine/Content/Tutorial/Basics/LevelEditorAttract.uasset" 176
"../../../Engine/Content/Tutorial/Basics/TutorialAssets/icon_tab_Levels_40x.uasset" 177
"../../../Engine/Content/Tutorial/Basics/LevelEditorOverview.uasset" 178
"../../../Engine/Content/Tutorial/BlueprintTutorials/TutorialAssets/Blueprint_64x.uasset" 179
"../../../Engine/Content/Tutorial/BlueprintTutorials/BlueprintEditorTutorial.uasset" 180
"../../../Engine/Content/Tutorial/SubEditors/ParticleSystemEditorTutorial.uasset" 181
"../../../Engine/Content/Tutorial/SubEditors/TutorialAssets/T_SmokeSubUV_8X8.uasset" 182
"../../../Engine/Content/Tutorial/SubEditors/TutorialAssets/T_soft_smoke.uasset" 183
"../../../Engine/Content/Tutorial/SubEditors/TutorialAssets/M_smoke_subUV_blackbody.uasset" 184
"../../../Engine/Content/Tutorial/SubEditors/TutorialAssets/TutorialParticleSystem.uasset" 185
"../../../Engine/Content/VREditor/LaserPointer/VR_LaserPower_01.uasset" 186
"../../../Engine/Content/VREditor/TransformGizmo/TransformGizmoMaterial.uasset" 187
"../../../Engine/Content/VREditor/TransformGizmo/TranslucentTransformGizmoMaterial.uasset" 188
"../../../Engine/Content/VREditor/TransformGizmo/BoundingBoxCorner.uasset" 189
"../../../Engine/Content/VREditor/TransformGizmo/BoundingBoxEdge.uasset" 190
"../../../Engine/Content/VREditor/TransformGizmo/PlaneTranslationHandle.uasset" 191
"../../../Engine/Content/VREditor/TransformGizmo/Main.uasset" 192
"../../../Engine/Content/VREditor/TransformGizmo/Xray.uasset" 193
"../../../Engine/Content/VREditor/TransformGizmo/SM_Sequencer_Key.uasset" 194
"../../../Engine/Content/VREditor/TransformGizmo/SM_Sequencer_Node.uasset" 195
"../../Plugins/2D/Paper2D/Content/PlaceholderTextures/DummySpriteTexture.uasset" 196
"../../Plugins/2D/Paper2D/Content/DummySprite.uasset" 197
"../../Plugins/2D/Paper2D/Content/DefaultPaperTerrainMaterial.uasset" 198
"../../Plugins/2D/Paper2D/Content/DummySpriteTexture.uasset" 199
"../../Plugins/2D/Paper2D/Content/DefaultSpriteMaterial.uasset" 200
"../../Plugins/2D/Paper2D/Content/MaskedUnlitSpriteMaterial.uasset" 201
"../../Plugins/2D/Paper2D/Content/OpaqueUnlitSpriteMaterial.uasset" 202
"../../Plugins/Runtime/Oculus/OculusVR/Content/OculusMR_RenderTarget.uasset" 203
"../../../Engine/Content/Functions/Engine_MaterialFunctions02/Utility/BreakOutFloat4Components.uasset" 204
"../../../Engine/Content/Functions/Engine_MaterialFunctions02/Utility/MakeFloat2.uasset" 205
"../../../Engine/Content/Functions/Engine_MaterialFunctions02/Utility/MakeFloat3.uasset" 206
"../../Plugins/Runtime/Oculus/OculusVR/Content/Materials/OculusMR_ChromaKey.uasset" 207
"../../Plugins/Runtime/Oculus/OculusVR/Content/Materials/OculusMR_ChromaKey_Lit.uasset" 208
"../../Plugins/Runtime/Oculus/OculusVR/Content/Materials/OculusMR_OpaqueColoredMaterial.uasset" 209
"../../Plugins/Runtime/Oculus/OculusVR/Content/Materials/OculusMR_WhiteMaterial.uasset" 210
"../../Plugins/Runtime/Oculus/OculusVR/Content/Materials/PokeAHoleMaterial.uasset" 211
"../../Plugins/Runtime/Oculus/OculusVR/Content/Textures/GearVRController_AO.uasset" 212
"../../Plugins/Runtime/Oculus/OculusVR/Content/Textures/GearVRController_Color.uasset" 213
"../../Plugins/Runtime/Oculus/OculusVR/Content/Textures/GearVRController_Normal.uasset" 214
"../../Plugins/Runtime/Oculus/OculusVR/Content/Materials/GearVRControllerMaterial.uasset" 215
"../../Plugins/Runtime/Oculus/OculusVR/Content/Meshes/GearVrController.uasset" 216
"../../Plugins/Runtime/Oculus/OculusVR/Content/Textures/touchController_albedo.uasset" 217
"../../Plugins/Runtime/Oculus/OculusVR/Content/Textures/touchController_controlmap.uasset" 218
"../../Plugins/Runtime/Oculus/OculusVR/Content/Materials/touchController_mat.uasset" 219
"../../Plugins/Runtime/Oculus/OculusVR/Content/Meshes/LeftTouchController.uasset" 220
"../../Plugins/Runtime/Oculus/OculusVR/Content/Meshes/RiftHMD.uasset" 221
"../../Plugins/Runtime/Oculus/OculusVR/Content/Meshes/RightTouchController.uasset" 222
"D:/Documents/Unreal Projects/SpaceFuseJam/SpaceFuseJam/Content/Art/Mesh_SkySphere.uasset" 223
"D:/Documents/Unreal Projects/SpaceFuseJam/SpaceFuseJam/Content/Maps/M_Hub.umap" 224
"D:/Documents/Unreal Projects/SpaceFuseJam/SpaceFuseJam/Content/Maps/M_NullMap.umap" 225
"D:/Documents/Unreal Projects/SpaceFuseJam/SpaceFuseJam/Content/Blueprints/Creatures/BB_Creature.uasset" 226
"D:/Documents/Unreal Projects/SpaceFuseJam/SpaceFuseJam/Content/Blueprints/Creatures/BTS_SetStates.uasset" 227
"D:/Documents/Unreal Projects/SpaceFuseJam/SpaceFuseJam/Content/Blueprints/Creatures/BTT_SelectTargetPoint.uasset" 228
"D:/Documents/Unreal Projects/SpaceFuseJam/SpaceFuseJam/Content/Blueprints/Creatures/BT_Creature.uasset" 229
"D:/Documents/Unreal Projects/SpaceFuseJam/SpaceFuseJam/Content/Blueprints/Creatures/AC_Creature.uasset" 230
"D:/Documents/Unreal Projects/SpaceFuseJam/SpaceFuseJam/Content/Material/M_Temp_Shadow.uasset" 231
"../../../Engine/Content/BasicShapes/Sphere.uasset" 232
"D:/Documents/Unreal Projects/SpaceFuseJam/SpaceFuseJam/Content/Material/M_TEMP_Creature.uasset" 233
"D:/Documents/Unreal Projects/SpaceFuseJam/SpaceFuseJam/Content/Meshes/SM_TEMP_Creature.uasset" 234
"D:/Documents/Unreal Projects/SpaceFuseJam/SpaceFuseJam/Content/Blueprints/Creatures/BP_Creature.uasset" 235
"D:/Documents/Unreal Projects/SpaceFuseJam/SpaceFuseJam/Content/Art/M_Green.uasset" 236
"../../../Engine/Content/BasicShapes/Plane.uasset" 237
"D:/Documents/Unreal Projects/SpaceFuseJam/SpaceFuseJam/Content/Art/Mesh_Field.uasset" 238
"D:/Documents/Unreal Projects/SpaceFuseJam/SpaceFuseJam/Content/Art/Mesh_Pyramid.uasset" 239
"D:/Documents/Unreal Projects/SpaceFuseJam/SpaceFuseJam/Content/Maps/Biomes/M_Biome_Agrarian.umap" 240
"D:/Documents/Unreal Projects/SpaceFuseJam/SpaceFuseJam/Content/Art/M_Rock.uasset" 241
"D:/Documents/Unreal Projects/SpaceFuseJam/SpaceFuseJam/Content/Maps/Biomes/M_Biome_Rock.umap" 242
"D:/Documents/Unreal Projects/SpaceFuseJam/SpaceFuseJam/Content/Art/M_Sea.uasset" 243
"D:/Documents/Unreal Projects/SpaceFuseJam/SpaceFuseJam/Content/Maps/Biomes/M_Biome_Sea.umap" 244
"../../../Engine/Content/EngineSky/C_Sky_Cloud_Color.uasset" 245
"../../../Engine/Content/EngineSky/C_Sky_Horizon_Color.uasset" 246
"../../../Engine/Content/EngineSky/C_Sky_Zenith_Color.uasset" 247
"../../../Engine/Content/EngineSky/T_Sky_Blue.uasset" 248
"../../../Engine/Content/EngineSky/T_Sky_Clouds_M.uasset" 249
"../../../Engine/Content/EngineSky/T_Sky_Stars.uasset" 250
"../../../Engine/Content/EngineSky/M_Sky_Panning_Clouds2.uasset" 251
"../../../Engine/Content/EngineSky/SM_SkySphere.uasset" 252
"../../../Engine/Content/EngineSky/BP_Sky_Sphere.uasset" 253
"D:/Documents/Unreal Projects/SpaceFuseJam/SpaceFuseJam/Content/Maps/TestMap/M_OwensTestMap.umap" 254
"D:/Documents/Unreal Projects/SpaceFuseJam/SpaceFuseJam/Content/Maps/TestMap/M_WillsSpecialPlace.umap" 255
"../../../Engine/Content/Maps/Entry_BuiltData.uasset" 256
"../../../Engine/Content/Maps/Entry.umap" 257
